<?xml version="1.0" encoding="UTF-8"?>
<!-- Generated by org.testng.reporters.JUnitReportReporter -->
<testsuite hostname="DESKTOP-MM7I7O4" failures="0" tests="1" name="Database.DBCTesting.LoaclDB" time="0.553" errors="0" timestamp="2023-06-07T11:26:56 IST" skipped="0">
  <testcase classname="Database.DBCTesting.LoaclDB" name="localdbconnecter" time="0.553"/>
  <system-out/>
</testsuite> <!-- Database.DBCTesting.LoaclDB -->
