<?xml version="1.0" encoding="UTF-8"?>
<!-- Generated by org.testng.reporters.JUnitReportReporter -->
<testsuite hostname="DESKTOP-MM7I7O4" failures="0" tests="1" name="Database.DBCTesting.data" time="0.012" errors="0" timestamp="2023-06-07T11:24:50 IST" skipped="0">
  <testcase classname="Database.DBCTesting.data" name="databse" time="0.012"/>
  <system-out/>
</testsuite> <!-- Database.DBCTesting.data -->
